Using pre-set license
Built from '2020.3/staging' branch; Version is '2020.3.25f1 (9b9180224418) revision 10195328'; Using compiler version '192528614'; Build Type 'Release'
OS: 'Windows 10  (10.0.19045) 64bit ProfessionalN' Language: 'es' Physical Memory: 16276 MB
BatchMode: 1, IsHumanControllingUs: 0, StartBugReporterOnCrash: 0, Is64bit: 1, IsPro: 0

COMMAND LINE ARGUMENTS:
C:\Program Files\Unity 2020.3.25f1\Editor\Unity.exe
-adb2
-batchMode
-noUpm
-name
AssetImportWorker0
-projectPath
C:/Users/Speed/Desktop/TODO/Tower defense/TowerDefense
-logFile
Logs/AssetImportWorker0.log
-srvPort
54992
Successfully changed project path to: C:/Users/Speed/Desktop/TODO/Tower defense/TowerDefense
C:/Users/Speed/Desktop/TODO/Tower defense/TowerDefense
Using Asset Import Pipeline V2.
Refreshing native plugins compatible for Editor in 54.23 ms, found 2 plugins.
Preloading 0 native plugins for Editor in 0.00 ms.
Initialize engine version: 2020.3.25f1 (9b9180224418)
[Subsystems] Discovering subsystems at path C:/Program Files/Unity 2020.3.25f1/Editor/Data/Resources/UnitySubsystems
[Subsystems] Discovering subsystems at path C:/Users/Speed/Desktop/TODO/Tower defense/TowerDefense/Assets
GfxDevice: creating device client; threaded=0
Direct3D:
    Version:  Direct3D 11.0 [level 11.1]
    Renderer: NVIDIA GeForce RTX 2060 SUPER (ID=0x1f06)
    Vendor:   
    VRAM:     8031 MB
    Driver:   30.0.15.1179
Initialize mono
Mono path[0] = 'C:/Program Files/Unity 2020.3.25f1/Editor/Data/Managed'
Mono path[1] = 'C:/Program Files/Unity 2020.3.25f1/Editor/Data/MonoBleedingEdge/lib/mono/unityjit'
Mono config path = 'C:/Program Files/Unity 2020.3.25f1/Editor/Data/MonoBleedingEdge/etc'
Using monoOptions --debugger-agent=transport=dt_socket,embedding=1,server=y,suspend=n,address=127.0.0.1:56180
Begin MonoManager ReloadAssembly
Registering precompiled unity dll's ...
Register platform support module: C:/Program Files/Unity 2020.3.25f1/Editor/Data/PlaybackEngines/WindowsStandaloneSupport/UnityEditor.WindowsStandalone.Extensions.dll
Registered in 0.001315 seconds.
Native extension for WindowsStandalone target not found
Refreshing native plugins compatible for Editor in 53.58 ms, found 2 plugins.
Preloading 0 native plugins for Editor in 0.00 ms.
Mono: successfully reloaded assembly
- Completed reload, in  0.458 seconds
Domain Reload Profiling:
	ReloadAssembly (458ms)
		BeginReloadAssembly (39ms)
			ExecutionOrderSort (0ms)
			DisableScriptedObjects (0ms)
			BackupInstance (0ms)
			ReleaseScriptingObjects (0ms)
			CreateAndSetChildDomain (1ms)
		EndReloadAssembly (365ms)
			LoadAssemblies (38ms)
			RebuildTransferFunctionScriptingTraits (0ms)
			SetupTypeCache (114ms)
			ReleaseScriptCaches (0ms)
			RebuildScriptCaches (23ms)
			SetupLoadedEditorAssemblies (152ms)
				LogAssemblyErrors (0ms)
				InitializePlatformSupportModulesInManaged (3ms)
				SetLoadedEditorAssemblies (0ms)
				RefreshPlugins (54ms)
				BeforeProcessingInitializeOnLoad (13ms)
				ProcessInitializeOnLoadAttributes (61ms)
				ProcessInitializeOnLoadMethodAttributes (21ms)
				AfterProcessingInitializeOnLoad (0ms)
				EditorAssembliesLoaded (0ms)
			ExecutionOrderSort2 (0ms)
			AwakeInstancesAfterBackupRestoration (0ms)
Platform modules already initialized, skipping
Registering precompiled user dll's ...
Registered in 0.003517 seconds.
Begin MonoManager ReloadAssembly
Native extension for WindowsStandalone target not found
Refreshing native plugins compatible for Editor in 54.17 ms, found 2 plugins.
Preloading 0 native plugins for Editor in 0.00 ms.
Mono: successfully reloaded assembly
- Completed reload, in  0.913 seconds
Domain Reload Profiling:
	ReloadAssembly (914ms)
		BeginReloadAssembly (107ms)
			ExecutionOrderSort (0ms)
			DisableScriptedObjects (4ms)
			BackupInstance (0ms)
			ReleaseScriptingObjects (0ms)
			CreateAndSetChildDomain (14ms)
		EndReloadAssembly (761ms)
			LoadAssemblies (68ms)
			RebuildTransferFunctionScriptingTraits (0ms)
			SetupTypeCache (254ms)
			ReleaseScriptCaches (0ms)
			RebuildScriptCaches (58ms)
			SetupLoadedEditorAssemblies (285ms)
				LogAssemblyErrors (0ms)
				InitializePlatformSupportModulesInManaged (3ms)
				SetLoadedEditorAssemblies (0ms)
				RefreshPlugins (54ms)
				BeforeProcessingInitializeOnLoad (70ms)
				ProcessInitializeOnLoadAttributes (145ms)
				ProcessInitializeOnLoadMethodAttributes (8ms)
				AfterProcessingInitializeOnLoad (4ms)
				EditorAssembliesLoaded (0ms)
			ExecutionOrderSort2 (0ms)
			AwakeInstancesAfterBackupRestoration (5ms)
Platform modules already initialized, skipping
========================================================================
Worker process is ready to serve import requests
Launched and connected shader compiler UnityShaderCompiler.exe after 0.02 seconds
Refreshing native plugins compatible for Editor in 0.60 ms, found 2 plugins.
Preloading 0 native plugins for Editor in 0.00 ms.
Unloading 3515 Unused Serialized files (Serialized files now loaded: 0)
System memory in use before: 186.8 MB.
System memory in use after: 186.0 MB.

Unloading 26 unused Assets to reduce memory usage. Loaded Objects now: 3954.
Total: 2.777200 ms (FindLiveObjects: 0.221000 ms CreateObjectMapping: 0.199900 ms MarkObjects: 2.097500 ms  DeleteObjects: 0.258100 ms)

AssetImportParameters requested are different than current active one (requested -> active):
  custom:framework-win-MediaFoundation: 216162199b28c13a410421893ffa2e32 -> 
  custom:video-decoder-ogg-theora: a1e56fd34408186e4bbccfd4996cb3dc -> 
  custom:container-muxer-webm: aa71ff27fc2769a1b78a27578f13a17b -> 
  custom:container-demuxer-webm: 4f35f7cbe854078d1ac9338744f61a02 -> 
  custom:container-demuxer-ogg: 62fdf1f143b41e24485cea50d1cbac27 -> 
  custom:video-encoder-webm-vp8: eb34c28f22e8b96e1ab97ce403110664 -> 
  custom:video-decoder-webm-vp8: 9c59270c3fd7afecdb556c50c9e8de78 -> 
  custom:audio-decoder-ogg-vorbis: bf7c407c2cedff20999df2af8eb42d56 -> 
  custom:audio-encoder-webm-vorbis: bf7c407c2cedff20999df2af8eb42d56 -> 
========================================================================
Received Import Request.
  path: Assets/Objects/Projectile Wizard.prefab
  artifactKey: Guid(b9625f9c9016af44c97449ca96b93872) Importer(815301076,1909f56bfc062723c751e8b465ee728b)
Start importing Assets/Objects/Projectile Wizard.prefab using Guid(b9625f9c9016af44c97449ca96b93872) Importer(815301076,1909f56bfc062723c751e8b465ee728b)  -> (artifact id: 'a5b192f1caa5c4f18d95c2e2448a3b02') in 0.170116 seconds 
  Import took 0.174417 seconds .

========================================================================
Received Import Request.
  Time since last request: 99.261381 seconds.
  path: Assets/Prefabs/Knife.prefab
  artifactKey: Guid(a278418ed6ce11342aabd1b053ed7522) Importer(815301076,1909f56bfc062723c751e8b465ee728b)
Start importing Assets/Prefabs/Knife.prefab using Guid(a278418ed6ce11342aabd1b053ed7522) Importer(815301076,1909f56bfc062723c751e8b465ee728b)  -> (artifact id: '06c028f65127e58bafeec5392e6f93a5') in 0.018133 seconds 
  Import took 0.022780 seconds .

========================================================================
Received Import Request.
  Time since last request: 236.466945 seconds.
  path: Assets/Materials/Boat
  artifactKey: Guid(4688eee245ad16642b594d507fd73aba) Importer(815301076,1909f56bfc062723c751e8b465ee728b)
Start importing Assets/Materials/Boat using Guid(4688eee245ad16642b594d507fd73aba) Importer(815301076,1909f56bfc062723c751e8b465ee728b)  -> (artifact id: '9b847ec34eff44b3931ea154570edd96') in 0.004514 seconds 
  Import took 0.009034 seconds .

========================================================================
Received Import Request.
  Time since last request: 2.421564 seconds.
  path: Assets/Materials/Camp
  artifactKey: Guid(4ffbb623213dd3e4194885d184ff3846) Importer(815301076,1909f56bfc062723c751e8b465ee728b)
Start importing Assets/Materials/Camp using Guid(4ffbb623213dd3e4194885d184ff3846) Importer(815301076,1909f56bfc062723c751e8b465ee728b)  -> (artifact id: '7a9bd390621740c436f7a23d729258a3') in 0.004435 seconds 
  Import took 0.008683 seconds .

========================================================================
Received Import Request.
  Time since last request: 9.730371 seconds.
  path: Assets/Scenes/Level1
  artifactKey: Guid(175efa07727543441ae80fd6c571c470) Importer(815301076,1909f56bfc062723c751e8b465ee728b)
Start importing Assets/Scenes/Level1 using Guid(175efa07727543441ae80fd6c571c470) Importer(815301076,1909f56bfc062723c751e8b465ee728b)  -> (artifact id: 'cf2402f1a121b6fabfe9fa9032d7bdf8') in 0.004891 seconds 
  Import took 0.009650 seconds .

========================================================================
Received Import Request.
  Time since last request: 441.435252 seconds.
  path: Assets/Materials/Water.shader
  artifactKey: Guid(d5e6b253e1891fc40a4c3b2db42b8ce3) Importer(815301076,1909f56bfc062723c751e8b465ee728b)
Start importing Assets/Materials/Water.shader using Guid(d5e6b253e1891fc40a4c3b2db42b8ce3) Importer(815301076,1909f56bfc062723c751e8b465ee728b)  -> (artifact id: 'd3b4c7683817fe7a94789a163928c309') in 0.006448 seconds 
  Import took 0.011414 seconds .

========================================================================
Received Import Request.
  Time since last request: 3.500911 seconds.
  path: Assets/Sprites/Flowmap.jpg
  artifactKey: Guid(d65c6d16e81d49f46a6613c4fa9048d3) Importer(815301076,1909f56bfc062723c751e8b465ee728b)
Start importing Assets/Sprites/Flowmap.jpg using Guid(d65c6d16e81d49f46a6613c4fa9048d3) Importer(815301076,1909f56bfc062723c751e8b465ee728b)  -> (artifact id: '90f30315ac9a73331ed42dbaa7adc6f7') in 0.032563 seconds 
  Import took 0.037283 seconds .

========================================================================
Received Import Request.
  Time since last request: 22.316451 seconds.
  path: Assets/Sprites/Shield.png
  artifactKey: Guid(d9b94f23aef7a5f4083cae7faeb4b295) Importer(815301076,1909f56bfc062723c751e8b465ee728b)
Start importing Assets/Sprites/Shield.png using Guid(d9b94f23aef7a5f4083cae7faeb4b295) Importer(815301076,1909f56bfc062723c751e8b465ee728b)  -> (artifact id: '956df1f9b63b544db1e5c5842bef493c') in 0.018229 seconds 
  Import took 0.022424 seconds .

========================================================================
Received Import Request.
  Time since last request: 8.531313 seconds.
  path: Assets/Sprites/swords.png
  artifactKey: Guid(1eda343ea9f300346a58d0cea062d42d) Importer(815301076,1909f56bfc062723c751e8b465ee728b)
Start importing Assets/Sprites/swords.png using Guid(1eda343ea9f300346a58d0cea062d42d) Importer(815301076,1909f56bfc062723c751e8b465ee728b)  -> (artifact id: '5c3e536d109a5b2bdd0fc2a2d6a8a09e') in 0.011202 seconds 
  Import took 0.015376 seconds .

========================================================================
Received Import Request.
  Time since last request: 39.148716 seconds.
  path: Assets/Scenes/Level1.unity
  artifactKey: Guid(ca223d7bae24cef45b7ec4b6f3beee58) Importer(815301076,1909f56bfc062723c751e8b465ee728b)
Start importing Assets/Scenes/Level1.unity using Guid(ca223d7bae24cef45b7ec4b6f3beee58) Importer(815301076,1909f56bfc062723c751e8b465ee728b)  -> (artifact id: '1ef9a8bb2534faa0e035470cf4c0e009') in 0.001917 seconds 
  Import took 0.006292 seconds .

========================================================================
Received Import Request.
  Time since last request: 194.448007 seconds.
  path: Assets/Scenes/Controls.unity
  artifactKey: Guid(bfdab01fdfe17bf46a89225c4b716010) Importer(815301076,1909f56bfc062723c751e8b465ee728b)
Start importing Assets/Scenes/Controls.unity using Guid(bfdab01fdfe17bf46a89225c4b716010) Importer(815301076,1909f56bfc062723c751e8b465ee728b)  -> (artifact id: 'bb8955a81a1d15c4e285b360f5010b7c') in 0.004483 seconds 
  Import took 0.008821 seconds .

========================================================================
Received Prepare
Refreshing native plugins compatible for Editor in 2.60 ms, found 2 plugins.
Preloading 0 native plugins for Editor in 0.00 ms.
Unloading 18 Unused Serialized files (Serialized files now loaded: 0)
System memory in use before: 99.9 MB.
System memory in use after: 99.4 MB.

Unloading 19 unused Assets to reduce memory usage. Loaded Objects now: 4028.
Total: 3.747900 ms (FindLiveObjects: 0.219000 ms CreateObjectMapping: 0.139900 ms MarkObjects: 3.177000 ms  DeleteObjects: 0.211200 ms)

AssetImportParameters requested are different than current active one (requested -> active):
  custom:framework-win-MediaFoundation: 216162199b28c13a410421893ffa2e32 -> 
  custom:video-decoder-ogg-theora: a1e56fd34408186e4bbccfd4996cb3dc -> 
  custom:container-muxer-webm: aa71ff27fc2769a1b78a27578f13a17b -> 
  custom:container-demuxer-webm: 4f35f7cbe854078d1ac9338744f61a02 -> 
  custom:container-demuxer-ogg: 62fdf1f143b41e24485cea50d1cbac27 -> 
  custom:video-encoder-webm-vp8: eb34c28f22e8b96e1ab97ce403110664 -> 
  custom:video-decoder-webm-vp8: 9c59270c3fd7afecdb556c50c9e8de78 -> 
  custom:audio-decoder-ogg-vorbis: bf7c407c2cedff20999df2af8eb42d56 -> 
  custom:audio-encoder-webm-vorbis: bf7c407c2cedff20999df2af8eb42d56 -> 
========================================================================
Received Import Request.
  Time since last request: 893.087538 seconds.
  path: Assets/Scenes/Level1.unity
  artifactKey: Guid(ca223d7bae24cef45b7ec4b6f3beee58) Importer(815301076,1909f56bfc062723c751e8b465ee728b)
Start importing Assets/Scenes/Level1.unity using Guid(ca223d7bae24cef45b7ec4b6f3beee58) Importer(815301076,1909f56bfc062723c751e8b465ee728b)  -> (artifact id: '0b1bbba47ef9e8a6735e4c7685470176') in 0.021750 seconds 
  Import took 0.027309 seconds .

========================================================================
Received Import Request.
  Time since last request: 468.603156 seconds.
  path: Assets/Scripts/AudioManager.cs
  artifactKey: Guid(75bc0ab765e4d1f42aa04679711de2cb) Importer(815301076,1909f56bfc062723c751e8b465ee728b)
Start importing Assets/Scripts/AudioManager.cs using Guid(75bc0ab765e4d1f42aa04679711de2cb) Importer(815301076,1909f56bfc062723c751e8b465ee728b)  -> (artifact id: '575f35d080af25902af384901cdbe547') in 0.012939 seconds 
  Import took 0.017712 seconds .

========================================================================
Received Import Request.
  Time since last request: 31.159392 seconds.
  path: Assets/Scripts/Enemys.cs
  artifactKey: Guid(e61205656a3c74549ac3bc05ac2e7cdc) Importer(815301076,1909f56bfc062723c751e8b465ee728b)
Start importing Assets/Scripts/Enemys.cs using Guid(e61205656a3c74549ac3bc05ac2e7cdc) Importer(815301076,1909f56bfc062723c751e8b465ee728b)  -> (artifact id: '09953c13a7e4aaf77ab5c5b1db0aed6a') in 0.004691 seconds 
  Import took 0.008865 seconds .

========================================================================
Received Import Request.
  Time since last request: 21.336679 seconds.
  path: Assets/Scripts/Enemys.cs
  artifactKey: Guid(e61205656a3c74549ac3bc05ac2e7cdc) Importer(815301076,1909f56bfc062723c751e8b465ee728b)
Start importing Assets/Scripts/Enemys.cs using Guid(e61205656a3c74549ac3bc05ac2e7cdc) Importer(815301076,1909f56bfc062723c751e8b465ee728b)  -> (artifact id: '7660a3458705b83858fb06cd7699236b') in 0.001448 seconds 
  Import took 0.005449 seconds .

========================================================================
Received Import Request.
  Time since last request: 127.557157 seconds.
  path: Assets/Scripts/Enemys.cs
  artifactKey: Guid(e61205656a3c74549ac3bc05ac2e7cdc) Importer(815301076,1909f56bfc062723c751e8b465ee728b)
Start importing Assets/Scripts/Enemys.cs using Guid(e61205656a3c74549ac3bc05ac2e7cdc) Importer(815301076,1909f56bfc062723c751e8b465ee728b)  -> (artifact id: 'cbcf817f71d03abd4cfc8c20ccd609ef') in 0.001498 seconds 
  Import took 0.005614 seconds .

========================================================================
Received Prepare
Registering precompiled user dll's ...
Registered in 0.004635 seconds.
Begin MonoManager ReloadAssembly
Native extension for WindowsStandalone target not found
Refreshing native plugins compatible for Editor in 0.50 ms, found 2 plugins.
Preloading 0 native plugins for Editor in 0.00 ms.
Mono: successfully reloaded assembly
- Completed reload, in  0.845 seconds
Domain Reload Profiling:
	ReloadAssembly (845ms)
		BeginReloadAssembly (99ms)
			ExecutionOrderSort (0ms)
			DisableScriptedObjects (5ms)
			BackupInstance (0ms)
			ReleaseScriptingObjects (0ms)
			CreateAndSetChildDomain (30ms)
		EndReloadAssembly (700ms)
			LoadAssemblies (67ms)
			RebuildTransferFunctionScriptingTraits (0ms)
			SetupTypeCache (245ms)
			ReleaseScriptCaches (1ms)
			RebuildScriptCaches (50ms)
			SetupLoadedEditorAssemblies (231ms)
				LogAssemblyErrors (0ms)
				InitializePlatformSupportModulesInManaged (3ms)
				SetLoadedEditorAssemblies (0ms)
				RefreshPlugins (1ms)
				BeforeProcessingInitializeOnLoad (69ms)
				ProcessInitializeOnLoadAttributes (146ms)
				ProcessInitializeOnLoadMethodAttributes (8ms)
				AfterProcessingInitializeOnLoad (4ms)
				EditorAssembliesLoaded (0ms)
			ExecutionOrderSort2 (0ms)
			AwakeInstancesAfterBackupRestoration (11ms)
Platform modules already initialized, skipping
Refreshing native plugins compatible for Editor in 0.49 ms, found 2 plugins.
Preloading 0 native plugins for Editor in 0.00 ms.
Unloading 3189 Unused Serialized files (Serialized files now loaded: 0)
System memory in use before: 163.0 MB.
System memory in use after: 162.5 MB.

Unloading 20 unused Assets to reduce memory usage. Loaded Objects now: 4003.
Total: 2.638200 ms (FindLiveObjects: 0.216800 ms CreateObjectMapping: 0.149100 ms MarkObjects: 2.077000 ms  DeleteObjects: 0.194800 ms)

AssetImportParameters requested are different than current active one (requested -> active):
  custom:framework-win-MediaFoundation: 216162199b28c13a410421893ffa2e32 -> 
  custom:video-decoder-ogg-theora: a1e56fd34408186e4bbccfd4996cb3dc -> 
  custom:container-muxer-webm: aa71ff27fc2769a1b78a27578f13a17b -> 
  custom:container-demuxer-webm: 4f35f7cbe854078d1ac9338744f61a02 -> 
  custom:container-demuxer-ogg: 62fdf1f143b41e24485cea50d1cbac27 -> 
  custom:video-encoder-webm-vp8: eb34c28f22e8b96e1ab97ce403110664 -> 
  custom:video-decoder-webm-vp8: 9c59270c3fd7afecdb556c50c9e8de78 -> 
  custom:audio-decoder-ogg-vorbis: bf7c407c2cedff20999df2af8eb42d56 -> 
  custom:audio-encoder-webm-vorbis: bf7c407c2cedff20999df2af8eb42d56 -> 
========================================================================
Received Import Request.
  Time since last request: 19.573289 seconds.
  path: Assets/Prefabs/Rat.prefab
  artifactKey: Guid(94c9541145e131b419996fa67b7cf2df) Importer(815301076,1909f56bfc062723c751e8b465ee728b)
Start importing Assets/Prefabs/Rat.prefab using Guid(94c9541145e131b419996fa67b7cf2df) Importer(815301076,1909f56bfc062723c751e8b465ee728b)  -> (artifact id: 'fd9d235b53e907fabec234d3ec1dc1be') in 0.165446 seconds 
  Import took 0.170345 seconds .

========================================================================
Received Import Request.
  Time since last request: 6.613396 seconds.
  path: Assets/Prefabs/Rat.prefab
  artifactKey: Guid(94c9541145e131b419996fa67b7cf2df) Importer(815301076,1909f56bfc062723c751e8b465ee728b)
Start importing Assets/Prefabs/Rat.prefab using Guid(94c9541145e131b419996fa67b7cf2df) Importer(815301076,1909f56bfc062723c751e8b465ee728b)  -> (artifact id: 'b1055dc26e65ea3a568ac6b5618b7d96') in 0.010641 seconds 
  Import took 0.017800 seconds .

========================================================================
Received Prepare
Registering precompiled user dll's ...
Registered in 0.003095 seconds.
Begin MonoManager ReloadAssembly
Native extension for WindowsStandalone target not found
Refreshing native plugins compatible for Editor in 0.54 ms, found 2 plugins.
Preloading 0 native plugins for Editor in 0.00 ms.
Mono: successfully reloaded assembly
- Completed reload, in  0.859 seconds
Domain Reload Profiling:
	ReloadAssembly (859ms)
		BeginReloadAssembly (96ms)
			ExecutionOrderSort (0ms)
			DisableScriptedObjects (5ms)
			BackupInstance (0ms)
			ReleaseScriptingObjects (0ms)
			CreateAndSetChildDomain (28ms)
		EndReloadAssembly (711ms)
			LoadAssemblies (66ms)
			RebuildTransferFunctionScriptingTraits (0ms)
			SetupTypeCache (251ms)
			ReleaseScriptCaches (1ms)
			RebuildScriptCaches (51ms)
			SetupLoadedEditorAssemblies (234ms)
				LogAssemblyErrors (0ms)
				InitializePlatformSupportModulesInManaged (3ms)
				SetLoadedEditorAssemblies (0ms)
				RefreshPlugins (1ms)
				BeforeProcessingInitializeOnLoad (67ms)
				ProcessInitializeOnLoadAttributes (150ms)
				ProcessInitializeOnLoadMethodAttributes (9ms)
				AfterProcessingInitializeOnLoad (4ms)
				EditorAssembliesLoaded (0ms)
			ExecutionOrderSort2 (0ms)
			AwakeInstancesAfterBackupRestoration (13ms)
Platform modules already initialized, skipping
Refreshing native plugins compatible for Editor in 0.50 ms, found 2 plugins.
Preloading 0 native plugins for Editor in 0.00 ms.
Unloading 3189 Unused Serialized files (Serialized files now loaded: 0)
System memory in use before: 176.7 MB.
System memory in use after: 176.2 MB.

Unloading 20 unused Assets to reduce memory usage. Loaded Objects now: 4043.
Total: 2.681900 ms (FindLiveObjects: 0.236400 ms CreateObjectMapping: 0.165300 ms MarkObjects: 2.092200 ms  DeleteObjects: 0.187300 ms)

AssetImportParameters requested are different than current active one (requested -> active):
  custom:framework-win-MediaFoundation: 216162199b28c13a410421893ffa2e32 -> 
  custom:video-decoder-ogg-theora: a1e56fd34408186e4bbccfd4996cb3dc -> 
  custom:container-muxer-webm: aa71ff27fc2769a1b78a27578f13a17b -> 
  custom:container-demuxer-webm: 4f35f7cbe854078d1ac9338744f61a02 -> 
  custom:container-demuxer-ogg: 62fdf1f143b41e24485cea50d1cbac27 -> 
  custom:video-encoder-webm-vp8: eb34c28f22e8b96e1ab97ce403110664 -> 
  custom:video-decoder-webm-vp8: 9c59270c3fd7afecdb556c50c9e8de78 -> 
  custom:audio-decoder-ogg-vorbis: bf7c407c2cedff20999df2af8eb42d56 -> 
  custom:audio-encoder-webm-vorbis: bf7c407c2cedff20999df2af8eb42d56 -> 
========================================================================
Received Prepare
Registering precompiled user dll's ...
Registered in 0.003444 seconds.
Begin MonoManager ReloadAssembly
Native extension for WindowsStandalone target not found
Refreshing native plugins compatible for Editor in 0.50 ms, found 2 plugins.
Preloading 0 native plugins for Editor in 0.00 ms.
Mono: successfully reloaded assembly
- Completed reload, in  0.832 seconds
Domain Reload Profiling:
	ReloadAssembly (832ms)
		BeginReloadAssembly (81ms)
			ExecutionOrderSort (0ms)
			DisableScriptedObjects (4ms)
			BackupInstance (0ms)
			ReleaseScriptingObjects (0ms)
			CreateAndSetChildDomain (24ms)
		EndReloadAssembly (704ms)
			LoadAssemblies (69ms)
			RebuildTransferFunctionScriptingTraits (0ms)
			SetupTypeCache (243ms)
			ReleaseScriptCaches (1ms)
			RebuildScriptCaches (52ms)
			SetupLoadedEditorAssemblies (233ms)
				LogAssemblyErrors (0ms)
				InitializePlatformSupportModulesInManaged (3ms)
				SetLoadedEditorAssemblies (0ms)
				RefreshPlugins (1ms)
				BeforeProcessingInitializeOnLoad (68ms)
				ProcessInitializeOnLoadAttributes (149ms)
				ProcessInitializeOnLoadMethodAttributes (8ms)
				AfterProcessingInitializeOnLoad (4ms)
				EditorAssembliesLoaded (0ms)
			ExecutionOrderSort2 (0ms)
			AwakeInstancesAfterBackupRestoration (12ms)
Platform modules already initialized, skipping
Refreshing native plugins compatible for Editor in 0.48 ms, found 2 plugins.
Preloading 0 native plugins for Editor in 0.00 ms.
Unloading 3189 Unused Serialized files (Serialized files now loaded: 0)
System memory in use before: 176.8 MB.
System memory in use after: 176.3 MB.

Unloading 20 unused Assets to reduce memory usage. Loaded Objects now: 4045.
Total: 2.595000 ms (FindLiveObjects: 0.204100 ms CreateObjectMapping: 0.145400 ms MarkObjects: 2.034300 ms  DeleteObjects: 0.210500 ms)

AssetImportParameters requested are different than current active one (requested -> active):
  custom:framework-win-MediaFoundation: 216162199b28c13a410421893ffa2e32 -> 
  custom:video-decoder-ogg-theora: a1e56fd34408186e4bbccfd4996cb3dc -> 
  custom:container-muxer-webm: aa71ff27fc2769a1b78a27578f13a17b -> 
  custom:container-demuxer-webm: 4f35f7cbe854078d1ac9338744f61a02 -> 
  custom:container-demuxer-ogg: 62fdf1f143b41e24485cea50d1cbac27 -> 
  custom:video-encoder-webm-vp8: eb34c28f22e8b96e1ab97ce403110664 -> 
  custom:video-decoder-webm-vp8: 9c59270c3fd7afecdb556c50c9e8de78 -> 
  custom:audio-decoder-ogg-vorbis: bf7c407c2cedff20999df2af8eb42d56 -> 
  custom:audio-encoder-webm-vorbis: bf7c407c2cedff20999df2af8eb42d56 -> 
========================================================================
Received Prepare
Refreshing native plugins compatible for Editor in 2.62 ms, found 2 plugins.
Preloading 0 native plugins for Editor in 0.00 ms.
Unloading 18 Unused Serialized files (Serialized files now loaded: 0)
System memory in use before: 114.2 MB.
System memory in use after: 113.7 MB.

Unloading 18 unused Assets to reduce memory usage. Loaded Objects now: 4045.
Total: 2.984600 ms (FindLiveObjects: 0.213600 ms CreateObjectMapping: 0.140500 ms MarkObjects: 2.417000 ms  DeleteObjects: 0.213000 ms)

AssetImportParameters requested are different than current active one (requested -> active):
  custom:framework-win-MediaFoundation: 216162199b28c13a410421893ffa2e32 -> 
  custom:video-decoder-ogg-theora: a1e56fd34408186e4bbccfd4996cb3dc -> 
  custom:container-muxer-webm: aa71ff27fc2769a1b78a27578f13a17b -> 
  custom:container-demuxer-webm: 4f35f7cbe854078d1ac9338744f61a02 -> 
  custom:container-demuxer-ogg: 62fdf1f143b41e24485cea50d1cbac27 -> 
  custom:video-encoder-webm-vp8: eb34c28f22e8b96e1ab97ce403110664 -> 
  custom:video-decoder-webm-vp8: 9c59270c3fd7afecdb556c50c9e8de78 -> 
  custom:audio-decoder-ogg-vorbis: bf7c407c2cedff20999df2af8eb42d56 -> 
  custom:audio-encoder-webm-vorbis: bf7c407c2cedff20999df2af8eb42d56 -> 
========================================================================
Received Import Request.
  Time since last request: 839.924966 seconds.
  path: Assets/Scripts/Platforms.cs
  artifactKey: Guid(8cc8328e56591764e8560081885bfcff) Importer(815301076,1909f56bfc062723c751e8b465ee728b)
Start importing Assets/Scripts/Platforms.cs using Guid(8cc8328e56591764e8560081885bfcff) Importer(815301076,1909f56bfc062723c751e8b465ee728b)  -> (artifact id: '86e64c8b6c104e1af8d045b9cd255651') in 0.005979 seconds 
  Import took 0.010946 seconds .

========================================================================
Received Import Request.
  Time since last request: 18.841605 seconds.
  path: Assets/Scripts/Platforms.cs
  artifactKey: Guid(8cc8328e56591764e8560081885bfcff) Importer(815301076,1909f56bfc062723c751e8b465ee728b)
Start importing Assets/Scripts/Platforms.cs using Guid(8cc8328e56591764e8560081885bfcff) Importer(815301076,1909f56bfc062723c751e8b465ee728b)  -> (artifact id: '04358ed236fc4917f1c51d8b98c77710') in 0.001565 seconds 
  Import took 0.005820 seconds .

========================================================================
Received Prepare
Registering precompiled user dll's ...
Registered in 0.003312 seconds.
Begin MonoManager ReloadAssembly
Native extension for WindowsStandalone target not found
Refreshing native plugins compatible for Editor in 0.49 ms, found 2 plugins.
Preloading 0 native plugins for Editor in 0.00 ms.
Mono: successfully reloaded assembly
- Completed reload, in  0.815 seconds
Domain Reload Profiling:
	ReloadAssembly (816ms)
		BeginReloadAssembly (81ms)
			ExecutionOrderSort (0ms)
			DisableScriptedObjects (4ms)
			BackupInstance (0ms)
			ReleaseScriptingObjects (0ms)
			CreateAndSetChildDomain (25ms)
		EndReloadAssembly (689ms)
			LoadAssemblies (64ms)
			RebuildTransferFunctionScriptingTraits (0ms)
			SetupTypeCache (240ms)
			ReleaseScriptCaches (1ms)
			RebuildScriptCaches (52ms)
			SetupLoadedEditorAssemblies (227ms)
				LogAssemblyErrors (0ms)
				InitializePlatformSupportModulesInManaged (3ms)
				SetLoadedEditorAssemblies (0ms)
				RefreshPlugins (1ms)
				BeforeProcessingInitializeOnLoad (67ms)
				ProcessInitializeOnLoadAttributes (143ms)
				ProcessInitializeOnLoadMethodAttributes (8ms)
				AfterProcessingInitializeOnLoad (4ms)
				EditorAssembliesLoaded (0ms)
			ExecutionOrderSort2 (0ms)
			AwakeInstancesAfterBackupRestoration (12ms)
Platform modules already initialized, skipping
Refreshing native plugins compatible for Editor in 0.48 ms, found 2 plugins.
Preloading 0 native plugins for Editor in 0.00 ms.
Unloading 3189 Unused Serialized files (Serialized files now loaded: 0)
System memory in use before: 176.8 MB.
System memory in use after: 176.3 MB.

Unloading 20 unused Assets to reduce memory usage. Loaded Objects now: 4047.
Total: 2.591500 ms (FindLiveObjects: 0.220700 ms CreateObjectMapping: 0.141100 ms MarkObjects: 1.995300 ms  DeleteObjects: 0.233700 ms)

AssetImportParameters requested are different than current active one (requested -> active):
  custom:framework-win-MediaFoundation: 216162199b28c13a410421893ffa2e32 -> 
  custom:video-decoder-ogg-theora: a1e56fd34408186e4bbccfd4996cb3dc -> 
  custom:container-muxer-webm: aa71ff27fc2769a1b78a27578f13a17b -> 
  custom:container-demuxer-webm: 4f35f7cbe854078d1ac9338744f61a02 -> 
  custom:container-demuxer-ogg: 62fdf1f143b41e24485cea50d1cbac27 -> 
  custom:video-encoder-webm-vp8: eb34c28f22e8b96e1ab97ce403110664 -> 
  custom:video-decoder-webm-vp8: 9c59270c3fd7afecdb556c50c9e8de78 -> 
  custom:audio-decoder-ogg-vorbis: bf7c407c2cedff20999df2af8eb42d56 -> 
  custom:audio-encoder-webm-vorbis: bf7c407c2cedff20999df2af8eb42d56 -> 
========================================================================
Received Import Request.
  Time since last request: 200.074183 seconds.
  path: Assets/Scripts/BuildTurrets.cs
  artifactKey: Guid(2447487506a9ffe418cc77ddb1318c4e) Importer(815301076,1909f56bfc062723c751e8b465ee728b)
Start importing Assets/Scripts/BuildTurrets.cs using Guid(2447487506a9ffe418cc77ddb1318c4e) Importer(815301076,1909f56bfc062723c751e8b465ee728b)  -> (artifact id: '1ce59e4c7d771ecbfdc983292a9e2241') in 0.008978 seconds 
  Import took 0.013783 seconds .

========================================================================
Received Import Request.
  Time since last request: 2.097728 seconds.
  path: Assets/Scripts/BuildManager.cs
  artifactKey: Guid(5cefa74bcfefbe442902844ad326667d) Importer(815301076,1909f56bfc062723c751e8b465ee728b)
Start importing Assets/Scripts/BuildManager.cs using Guid(5cefa74bcfefbe442902844ad326667d) Importer(815301076,1909f56bfc062723c751e8b465ee728b)  -> (artifact id: '27c8befc7e88b582f381acf637df4d1d') in 0.004629 seconds 
  Import took 0.009470 seconds .

========================================================================
Received Import Request.
  Time since last request: 155.382895 seconds.
  path: Assets/Scripts/Towers.cs
  artifactKey: Guid(183c5b36a3609d44bac6cede813f2276) Importer(815301076,1909f56bfc062723c751e8b465ee728b)
Start importing Assets/Scripts/Towers.cs using Guid(183c5b36a3609d44bac6cede813f2276) Importer(815301076,1909f56bfc062723c751e8b465ee728b)  -> (artifact id: '47bfea2e620c58bfcbcf668decc8c9d0') in 0.004380 seconds 
  Import took 0.009377 seconds .

========================================================================
Received Prepare
Registering precompiled user dll's ...
Registered in 0.003315 seconds.
Begin MonoManager ReloadAssembly
Native extension for WindowsStandalone target not found
Refreshing native plugins compatible for Editor in 0.53 ms, found 2 plugins.
Preloading 0 native plugins for Editor in 0.00 ms.
Mono: successfully reloaded assembly
- Completed reload, in  0.823 seconds
Domain Reload Profiling:
	ReloadAssembly (823ms)
		BeginReloadAssembly (83ms)
			ExecutionOrderSort (0ms)
			DisableScriptedObjects (4ms)
			BackupInstance (0ms)
			ReleaseScriptingObjects (0ms)
			CreateAndSetChildDomain (25ms)
		EndReloadAssembly (694ms)
			LoadAssemblies (64ms)
			RebuildTransferFunctionScriptingTraits (0ms)
			SetupTypeCache (238ms)
			ReleaseScriptCaches (1ms)
			RebuildScriptCaches (52ms)
			SetupLoadedEditorAssemblies (231ms)
				LogAssemblyErrors (0ms)
				InitializePlatformSupportModulesInManaged (3ms)
				SetLoadedEditorAssemblies (0ms)
				RefreshPlugins (1ms)
				BeforeProcessingInitializeOnLoad (69ms)
				ProcessInitializeOnLoadAttributes (145ms)
				ProcessInitializeOnLoadMethodAttributes (9ms)
				AfterProcessingInitializeOnLoad (4ms)
				EditorAssembliesLoaded (0ms)
			ExecutionOrderSort2 (0ms)
			AwakeInstancesAfterBackupRestoration (12ms)
Platform modules already initialized, skipping
Refreshing native plugins compatible for Editor in 0.51 ms, found 2 plugins.
Preloading 0 native plugins for Editor in 0.00 ms.
Unloading 3189 Unused Serialized files (Serialized files now loaded: 0)
System memory in use before: 176.8 MB.
System memory in use after: 176.3 MB.

Unloading 20 unused Assets to reduce memory usage. Loaded Objects now: 4049.
Total: 2.660700 ms (FindLiveObjects: 0.226600 ms CreateObjectMapping: 0.147100 ms MarkObjects: 2.077300 ms  DeleteObjects: 0.209000 ms)

AssetImportParameters requested are different than current active one (requested -> active):
  custom:framework-win-MediaFoundation: 216162199b28c13a410421893ffa2e32 -> 
  custom:video-decoder-ogg-theora: a1e56fd34408186e4bbccfd4996cb3dc -> 
  custom:container-muxer-webm: aa71ff27fc2769a1b78a27578f13a17b -> 
  custom:container-demuxer-webm: 4f35f7cbe854078d1ac9338744f61a02 -> 
  custom:container-demuxer-ogg: 62fdf1f143b41e24485cea50d1cbac27 -> 
  custom:video-encoder-webm-vp8: eb34c28f22e8b96e1ab97ce403110664 -> 
  custom:video-decoder-webm-vp8: 9c59270c3fd7afecdb556c50c9e8de78 -> 
  custom:audio-decoder-ogg-vorbis: bf7c407c2cedff20999df2af8eb42d56 -> 
  custom:audio-encoder-webm-vorbis: bf7c407c2cedff20999df2af8eb42d56 -> 
========================================================================
Received Import Request.
  Time since last request: 52.562341 seconds.
  path: Assets/Scenes/Level2.unity
  artifactKey: Guid(f8bea1a757a5b2b4c90384d2de4f2e84) Importer(815301076,1909f56bfc062723c751e8b465ee728b)
Start importing Assets/Scenes/Level2.unity using Guid(f8bea1a757a5b2b4c90384d2de4f2e84) Importer(815301076,1909f56bfc062723c751e8b465ee728b)  -> (artifact id: 'a2aa6470d3dcfff41465bdf111cfcfe2') in 0.118067 seconds 
  Import took 0.122274 seconds .

========================================================================
Received Import Request.
  Time since last request: 24.252216 seconds.
  path: Assets/Scenes/Level1.unity
  artifactKey: Guid(ca223d7bae24cef45b7ec4b6f3beee58) Importer(815301076,1909f56bfc062723c751e8b465ee728b)
Start importing Assets/Scenes/Level1.unity using Guid(ca223d7bae24cef45b7ec4b6f3beee58) Importer(815301076,1909f56bfc062723c751e8b465ee728b)  -> (artifact id: '000b7507c4535147b4f710795cc30275') in 0.001877 seconds 
  Import took 0.006169 seconds .

========================================================================
Received Import Request.
  Time since last request: 5.945962 seconds.
  path: Assets/Scenes/Level2.unity
  artifactKey: Guid(f8bea1a757a5b2b4c90384d2de4f2e84) Importer(815301076,1909f56bfc062723c751e8b465ee728b)
Start importing Assets/Scenes/Level2.unity using Guid(f8bea1a757a5b2b4c90384d2de4f2e84) Importer(815301076,1909f56bfc062723c751e8b465ee728b)  -> (artifact id: 'cc6d1f3b432e828219389b62ee70216d') in 0.001808 seconds 
  Import took 0.005992 seconds .

========================================================================
Received Prepare
Refreshing native plugins compatible for Editor in 2.57 ms, found 2 plugins.
Preloading 0 native plugins for Editor in 0.00 ms.
Unloading 18 Unused Serialized files (Serialized files now loaded: 0)
System memory in use before: 114.3 MB.
System memory in use after: 113.8 MB.

Unloading 18 unused Assets to reduce memory usage. Loaded Objects now: 4049.
Total: 3.161700 ms (FindLiveObjects: 0.218800 ms CreateObjectMapping: 0.147200 ms MarkObjects: 2.583200 ms  DeleteObjects: 0.212000 ms)

AssetImportParameters requested are different than current active one (requested -> active):
  custom:framework-win-MediaFoundation: 216162199b28c13a410421893ffa2e32 -> 
  custom:video-decoder-ogg-theora: a1e56fd34408186e4bbccfd4996cb3dc -> 
  custom:container-muxer-webm: aa71ff27fc2769a1b78a27578f13a17b -> 
  custom:container-demuxer-webm: 4f35f7cbe854078d1ac9338744f61a02 -> 
  custom:container-demuxer-ogg: 62fdf1f143b41e24485cea50d1cbac27 -> 
  custom:video-encoder-webm-vp8: eb34c28f22e8b96e1ab97ce403110664 -> 
  custom:video-decoder-webm-vp8: 9c59270c3fd7afecdb556c50c9e8de78 -> 
  custom:audio-decoder-ogg-vorbis: bf7c407c2cedff20999df2af8eb42d56 -> 
  custom:audio-encoder-webm-vorbis: bf7c407c2cedff20999df2af8eb42d56 -> 
